#
# There is insufficient memory for the Java Runtime Environment to continue.
# Native memory allocation (mmap) failed to map 264241152 bytes for G1 virtual space
# Possible reasons:
#   The system is out of physical RAM or swap space
#   The process is running with CompressedOops enabled, and the Java Heap may be blocking the growth of the native heap
# Possible solutions:
#   Reduce memory load on the system
#   Increase physical memory or swap space
#   Check if swap backing store is full
#   Decrease Java heap size (-Xmx/-Xms)
#   Decrease number of Java threads
#   Decrease Java thread stack sizes (-Xss)
#   Set larger code cache with -XX:ReservedCodeCacheSize=
#   JVM is running with Zero Based Compressed Oops mode in which the Java heap is
#     placed in the first 32GB address space. The Java Heap base address is the
#     maximum limit for the native heap growth. Please use -XX:HeapBaseMinAddress
#     to set the Java Heap base and to place the Java Heap above 32GB virtual address.
# This output file may be truncated or incomplete.
#
#  Out of Memory Error (os_windows.cpp:3541), pid=39352, tid=33476
#
# JRE version:  (17.0.4+8) (build )
# Java VM: OpenJDK 64-Bit Server VM (17.0.4+8, mixed mode, sharing, tiered, compressed oops, compressed class ptrs, g1 gc, windows-amd64)
# No core dump will be written. Minidumps are not enabled by default on client versions of Windows
#

---------------  S U M M A R Y ------------

Command Line: -Dfile.encoding=UTF-8 -XX:+ShowCodeDetailsInExceptionMessages Main

Host: Intel(R) Core(TM) i7-9750H CPU @ 2.60GHz, 12 cores, 15G,  Windows 10 , 64 bit Build 19041 (10.0.19041.1889)
Time: Fri Oct 21 18:45:45 2022 Eastern Summer Time elapsed time: 0.017537 seconds (0d 0h 0m 0s)

---------------  T H R E A D  ---------------

Current thread (0x000002daa095ca00):  JavaThread "Unknown thread" [_thread_in_vm, id=33476, stack(0x000000fafe500000,0x000000fafe600000)]

Stack: [0x000000fafe500000,0x000000fafe600000]
Native frames: (J=compiled Java code, j=interpreted, Vv=VM code, C=native code)
V  [jvm.dll+0x67733a]
V  [jvm.dll+0x8323c4]
V  [jvm.dll+0x833b6e]
V  [jvm.dll+0x8341d3]
V  [jvm.dll+0x2455e5]
V  [jvm.dll+0x674229]
V  [jvm.dll+0x668ab2]
V  [jvm.dll+0x30458b]
V  [jvm.dll+0x30bad6]
V  [jvm.dll+0x35ba7e]
V  [jvm.dll+0x35bcaf]
V  [jvm.dll+0x2db428]
V  [jvm.dll+0x2dc394]
V  [jvm.dll+0x803ef1]
V  [jvm.dll+0x3698d1]
V  [jvm.dll+0x7e320c]
V  [jvm.dll+0x3ec23f]
V  [jvm.dll+0x3eddc1]
C  [jli.dll+0x5277]
C  [ucrtbase.dll+0x21bb2]
C  [KERNEL32.DLL+0x17034]
C  [ntdll.dll+0x526a1]


---------------  P R O C E S S  ---------------

Threads class SMR info:
_java_thread_list=0x00007ffaf9fb4e98, length=0, elements={
}

Java Threads: ( => current thread )

Other Threads:
  0x000002daa09c69f0 GCTaskThread "GC Thread#0" [stack: 0x000000fafe600000,0x000000fafe700000] [id=3256]
  0x000002daa09d7ca0 ConcurrentGCThread "G1 Main Marker" [stack: 0x000000fafe700000,0x000000fafe800000] [id=49160]
  0x000002daa09d9ac0 ConcurrentGCThread "G1 Conc#0" [stack: 0x000000fafe800000,0x000000fafe900000] [id=3304]

[error occurred during error reporting (printing all threads), id 0xc0000005, EXCEPTION_ACCESS_VIOLATION (0xc0000005) at pc=0x00007ffaf978beb7]

VM state: not at safepoint (not fully initialized)

VM Mutex/Monitor currently owned by a thread:  ([mutex/lock_event])
[0x000002daa09587e0] Heap_lock - owner thread: 0x000002daa095ca00

Heap address: 0x0000000704200000, size: 4030 MB, Compressed Oops mode: Zero based, Oop shift amount: 3

CDS archive(s) mapped at: [0x0000000000000000-0x0000000000000000-0x0000000000000000), size 0, SharedBaseAddress: 0x0000000800000000, ArchiveRelocationMode: 0.
Narrow klass base: 0x0000000000000000, Narrow klass shift: 0, Narrow klass range: 0x0

GC Precious Log:
<Empty>

Heap:
 garbage-first heap   total 0K, used 0K [0x0000000704200000, 0x0000000800000000)
  region size 2048K, 0 young (0K), 0 survivors (0K)

[error occurred during error reporting (printing heap information), id 0xc0000005, EXCEPTION_ACCESS_VIOLATION (0xc0000005) at pc=0x00007ffaf9b706b9]

GC Heap History (0 events):
No events

Deoptimization events (0 events):
No events

Classes unloaded (0 events):
No events

Classes redefined (0 events):
No events

Internal exceptions (0 events):
No events

VM Operations (0 events):
No events

Events (1 events):
Event: 0.012 Loaded shared library C:\Users\laoxi\.p2\pool\plugins\org.eclipse.justj.openjdk.hotspot.jre.full.win32.x86_64_17.0.4.v20220805-1047\jre\bin\java.dll


Dynamic libraries:
0x00007ff6c7840000 - 0x00007ff6c784e000 	C:\Users\laoxi\.p2\pool\plugins\org.eclipse.justj.openjdk.hotspot.jre.full.win32.x86_64_17.0.4.v20220805-1047\jre\bin\javaw.exe
0x00007ffbb2090000 - 0x00007ffbb2288000 	C:\WINDOWS\SYSTEM32\ntdll.dll
0x00007ffbb1bc0000 - 0x00007ffbb1c7d000 	C:\WINDOWS\System32\KERNEL32.DLL
0x00007ffbaf8b0000 - 0x00007ffbafb82000 	C:\WINDOWS\System32\KERNELBASE.dll
0x00007ffbafe50000 - 0x00007ffbaff50000 	C:\WINDOWS\System32\ucrtbase.dll
0x00007ffb59920000 - 0x00007ffb59939000 	C:\Users\laoxi\.p2\pool\plugins\org.eclipse.justj.openjdk.hotspot.jre.full.win32.x86_64_17.0.4.v20220805-1047\jre\bin\VCRUNTIME140.dll
0x00007ffb5aa50000 - 0x00007ffb5aa68000 	C:\Users\laoxi\.p2\pool\plugins\org.eclipse.justj.openjdk.hotspot.jre.full.win32.x86_64_17.0.4.v20220805-1047\jre\bin\jli.dll
0x00007ffbb00f0000 - 0x00007ffbb028d000 	C:\WINDOWS\System32\USER32.dll
0x00007ffbafb90000 - 0x00007ffbafbb2000 	C:\WINDOWS\System32\win32u.dll
0x00007ffb848f0000 - 0x00007ffb84b8a000 	C:\WINDOWS\WinSxS\amd64_microsoft.windows.common-controls_6595b64144ccf1df_6.0.19041.1110_none_60b5254171f9507e\COMCTL32.dll
0x00007ffbb1b00000 - 0x00007ffbb1b2b000 	C:\WINDOWS\System32\GDI32.dll
0x00007ffbb0d90000 - 0x00007ffbb0e2e000 	C:\WINDOWS\System32\msvcrt.dll
0x00007ffbaf7a0000 - 0x00007ffbaf8af000 	C:\WINDOWS\System32\gdi32full.dll
0x00007ffbafbc0000 - 0x00007ffbafc5d000 	C:\WINDOWS\System32\msvcp_win.dll
0x00007ffbb03e0000 - 0x00007ffbb0410000 	C:\WINDOWS\System32\IMM32.DLL
0x00007ffb59680000 - 0x00007ffb5968c000 	C:\Users\laoxi\.p2\pool\plugins\org.eclipse.justj.openjdk.hotspot.jre.full.win32.x86_64_17.0.4.v20220805-1047\jre\bin\vcruntime140_1.dll
0x00007ffb04870000 - 0x00007ffb04901000 	C:\Users\laoxi\.p2\pool\plugins\org.eclipse.justj.openjdk.hotspot.jre.full.win32.x86_64_17.0.4.v20220805-1047\jre\bin\msvcp140.dll
0x00007ffaf94a0000 - 0x00007ffafa0e6000 	C:\Users\laoxi\.p2\pool\plugins\org.eclipse.justj.openjdk.hotspot.jre.full.win32.x86_64_17.0.4.v20220805-1047\jre\bin\server\jvm.dll
0x00007ffbb1da0000 - 0x00007ffbb1e4e000 	C:\WINDOWS\System32\ADVAPI32.dll
0x00007ffbb1700000 - 0x00007ffbb179c000 	C:\WINDOWS\System32\sechost.dll
0x00007ffbb0c00000 - 0x00007ffbb0d25000 	C:\WINDOWS\System32\RPCRT4.dll
0x00007ffbb0290000 - 0x00007ffbb0298000 	C:\WINDOWS\System32\PSAPI.DLL
0x00007ffb92d30000 - 0x00007ffb92d57000 	C:\WINDOWS\SYSTEM32\WINMM.dll
0x00007ffb92040000 - 0x00007ffb92049000 	C:\WINDOWS\SYSTEM32\WSOCK32.dll
0x00007ffba2df0000 - 0x00007ffba2dfa000 	C:\WINDOWS\SYSTEM32\VERSION.dll
0x00007ffbb1d30000 - 0x00007ffbb1d9b000 	C:\WINDOWS\System32\WS2_32.dll
0x00007ffbadff0000 - 0x00007ffbae002000 	C:\WINDOWS\SYSTEM32\kernel.appcore.dll
0x00007ffba5490000 - 0x00007ffba549a000 	C:\Users\laoxi\.p2\pool\plugins\org.eclipse.justj.openjdk.hotspot.jre.full.win32.x86_64_17.0.4.v20220805-1047\jre\bin\jimage.dll
0x00007ffbadde0000 - 0x00007ffbadfc4000 	C:\WINDOWS\SYSTEM32\DBGHELP.DLL
0x00007ffba06d0000 - 0x00007ffba06fc000 	C:\WINDOWS\SYSTEM32\dbgcore.DLL
0x00007ffbafdc0000 - 0x00007ffbafe42000 	C:\WINDOWS\System32\bcryptPrimitives.dll
0x00007ffb90850000 - 0x00007ffb90875000 	C:\Users\laoxi\.p2\pool\plugins\org.eclipse.justj.openjdk.hotspot.jre.full.win32.x86_64_17.0.4.v20220805-1047\jre\bin\java.dll

dbghelp: loaded successfully - version: 4.0.5 - missing functions: none
symbol engine: initialized successfully - sym options: 0x614 - pdb path: .;C:\Users\laoxi\.p2\pool\plugins\org.eclipse.justj.openjdk.hotspot.jre.full.win32.x86_64_17.0.4.v20220805-1047\jre\bin;C:\WINDOWS\SYSTEM32;C:\WINDOWS\WinSxS\amd64_microsoft.windows.common-controls_6595b64144ccf1df_6.0.19041.1110_none_60b5254171f9507e;C:\Users\laoxi\.p2\pool\plugins\org.eclipse.justj.openjdk.hotspot.jre.full.win32.x86_64_17.0.4.v20220805-1047\jre\bin\server

VM Arguments:
jvm_args: -Dfile.encoding=UTF-8 -XX:+ShowCodeDetailsInExceptionMessages 
java_command: Main
java_class_path (initial): C:\Users\laoxi\Documents\LaSalle College\3rd Semester\JAVA ADVANCED OBJECTS\Assignment2_1610188\Assignment2\bin
Launcher Type: SUN_STANDARD

[Global flags]
     intx CICompilerCount                          = 4                                         {product} {ergonomic}
     uint ConcGCThreads                            = 3                                         {product} {ergonomic}
     uint G1ConcRefinementThreads                  = 10                                        {product} {ergonomic}
   size_t G1HeapRegionSize                         = 2097152                                   {product} {ergonomic}
    uintx GCDrainStackTargetSize                   = 64                                        {product} {ergonomic}
   size_t InitialHeapSize                          = 264241152                                 {product} {ergonomic}
   size_t MarkStackSize                            = 4194304                                   {product} {ergonomic}
   size_t MaxHeapSize                              = 4225761280                                {product} {ergonomic}
   size_t MinHeapDeltaBytes                        = 2097152                                   {product} {ergonomic}
   size_t MinHeapSize                              = 8388608                                   {product} {ergonomic}
    uintx NonNMethodCodeHeapSize                   = 5839372                                {pd product} {ergonomic}
    uintx NonProfiledCodeHeapSize                  = 122909434                              {pd product} {ergonomic}
    uintx ProfiledCodeHeapSize                     = 122909434                              {pd product} {ergonomic}
    uintx ReservedCodeCacheSize                    = 251658240                              {pd product} {ergonomic}
     bool SegmentedCodeCache                       = true                                      {product} {ergonomic}
     bool ShowCodeDetailsInExceptionMessages       = true                                   {manageable} {command line}
   size_t SoftMaxHeapSize                          = 4225761280                             {manageable} {ergonomic}
     bool UseCompressedClassPointers               = true                           {product lp64_product} {ergonomic}
     bool UseCompressedOops                        = true                           {product lp64_product} {ergonomic}
     bool UseG1GC                                  = true                                      {product} {ergonomic}
     bool UseLargePagesIndividualAllocation        = false                                  {pd product} {ergonomic}

Logging:
Log output configuration:
 #0: stdout all=warning uptime,level,tags
 #1: stderr all=off uptime,level,tags

Environment Variables:
JAVA_HOME=C:\Users\laoxi\Documents\LaSalle College\JAVA\jdk-18.0.2.1
CLASSPATH=.;C:\Users\laoxi\Documents\LaSalle College\JAVA\jdk-18.0.2.1\lib;
PATH=C:/Users/laoxi/.p2/pool/plugins/org.eclipse.justj.openjdk.hotspot.jre.full.win32.x86_64_17.0.4.v20220805-1047/jre/bin/server;C:/Users/laoxi/.p2/pool/plugins/org.eclipse.justj.openjdk.hotspot.jre.full.win32.x86_64_17.0.4.v20220805-1047/jre/bin;C:\Python310\Scripts\;C:\Python310\;C:\Users\laoxi\AppData\Local\Programs\Python\Python39\Scripts\;C:\Users\laoxi\AppData\Local\Programs\Python\Python39\;C:\Users\laoxi\Documents\LaSalle College\JAVA\jdk-18.0.2.1\bin;C:\Users\laoxi\Documents\LaSalle College\JAVA\jdk-18.0.2.1\jre\bin;C:\Program Files\dotnet\;C:\Users\laoxi\AppData\Local\Microsoft\WindowsApps;C:\Program Files\JetBrains\PyCharm Community Edition 2021.1.3\bin;;C:\Users\laoxi\AppData\Local\Programs\Microsoft VS Code\bin;C:\Program Files\Azure Data Studio\bin;C:\msys64\mingw64\bin;C:\Users\laoxi\.dotnet\tools;C:\Users\laoxi\Desktop;
USERNAME=laoxi
OS=Windows_NT
PROCESSOR_IDENTIFIER=Intel64 Family 6 Model 158 Stepping 10, GenuineIntel
TMP=C:\Users\laoxi\AppData\Local\Temp
TEMP=C:\Users\laoxi\AppData\Local\Temp



---------------  S Y S T E M  ---------------

OS:
 Windows 10 , 64 bit Build 19041 (10.0.19041.1889)
OS uptime: 4 days 10:07 hours

CPU: total 12 (initial active 12) (6 cores per cpu, 2 threads per core) family 6 model 158 stepping 10 microcode 0xb4, cx8, cmov, fxsr, ht, mmx, 3dnowpref, sse, sse2, sse3, ssse3, sse4.1, sse4.2, popcnt, lzcnt, tsc, tscinvbit, avx, avx2, aes, erms, clmul, bmi1, bmi2, adx, fma, vzeroupper, clflush, clflushopt

Memory: 4k page, system-wide physical 16118M (5407M free)
TotalPageFile size 65270M (AvailPageFile size 8M)
current process WorkingSet (physical memory assigned to process): 10M, peak: 10M
current process commit charge ("private bytes"): 64M, peak: 316M

vm_info: OpenJDK 64-Bit Server VM (17.0.4+8) for windows-amd64 JRE (17.0.4+8), built on Jul 19 2022 16:05:16 by "temurin" with MS VC++ 16.7 (VS2019)

END.
